Determining size of off64_t failed with the following output:
Change Dir: /Users/hyunahome/Desktop/OpenGL_Tutorial/OpenGL_Tutorial_Bins_XCode/CMakeFiles/CMakeScratch/TryCompile-YvhASW

Run Build Command(s):/usr/bin/xcodebuild -project CMAKE_TRY_COMPILE.xcodeproj build -target cmTC_84b38 -parallelizeTargets -configuration Debug -hideShellScriptEnvironment && objc[50809]: Class AMSupportURLConnectionDelegate is implemented in both /usr/lib/libauthinstall.dylib (0x201a26b90) and /Library/Apple/System/Library/PrivateFrameworks/MobileDevice.framework/Versions/A/MobileDevice (0x103ddc2c8). One of the two will be used. Which one is undefined.
objc[50809]: Class AMSupportURLSession is implemented in both /usr/lib/libauthinstall.dylib (0x201a26be0) and /Library/Apple/System/Library/PrivateFrameworks/MobileDevice.framework/Versions/A/MobileDevice (0x103ddc318). One of the two will be used. Which one is undefined.
Command line invocation:
    /Applications/Xcode.app/Contents/Developer/usr/bin/xcodebuild -project CMAKE_TRY_COMPILE.xcodeproj build -target cmTC_84b38 -parallelizeTargets -configuration Debug -hideShellScriptEnvironment

User defaults from command line:
    HideShellScriptEnvironment = YES
    IDEPackageSupportUseBuiltinSCM = YES

note: Using new build system
note: Planning
Analyze workspace

Create build description
Build description signature: 84f3094f2d65f24b675f3c1cec21cf69
Build description path: /Users/hyunahome/Desktop/OpenGL_Tutorial/OpenGL_Tutorial_Bins_XCode/CMakeFiles/CMakeScratch/TryCompile-YvhASW/build/XCBuildData/84f3094f2d65f24b675f3c1cec21cf69-desc.xcbuild

note: Build preparation complete
note: Building targets in dependency order
CreateBuildDirectory /Users/hyunahome/Desktop/OpenGL_Tutorial/OpenGL_Tutorial_Bins_XCode/CMakeFiles/CMakeScratch/TryCompile-YvhASW/build
    cd /Users/hyunahome/Desktop/OpenGL_Tutorial/OpenGL_Tutorial_Bins_XCode/CMakeFiles/CMakeScratch/TryCompile-YvhASW/CMAKE_TRY_COMPILE.xcodeproj
    builtin-create-build-directory /Users/hyunahome/Desktop/OpenGL_Tutorial/OpenGL_Tutorial_Bins_XCode/CMakeFiles/CMakeScratch/TryCompile-YvhASW/build

CreateBuildDirectory /Users/hyunahome/Desktop/OpenGL_Tutorial/OpenGL_Tutorial_Bins_XCode/CMakeFiles/CMakeScratch/TryCompile-YvhASW/Debug
    cd /Users/hyunahome/Desktop/OpenGL_Tutorial/OpenGL_Tutorial_Bins_XCode/CMakeFiles/CMakeScratch/TryCompile-YvhASW/CMAKE_TRY_COMPILE.xcodeproj
    builtin-create-build-directory /Users/hyunahome/Desktop/OpenGL_Tutorial/OpenGL_Tutorial_Bins_XCode/CMakeFiles/CMakeScratch/TryCompile-YvhASW/Debug

WriteAuxiliaryFile /Users/hyunahome/Desktop/OpenGL_Tutorial/OpenGL_Tutorial_Bins_XCode/CMakeFiles/CMakeScratch/TryCompile-YvhASW/build/cmTC_84b38.build/Debug/Objects-normal/arm64/cmTC_84b38.LinkFileList (in target 'cmTC_84b38' from project 'CMAKE_TRY_COMPILE')
    cd /Users/hyunahome/Desktop/OpenGL_Tutorial/OpenGL_Tutorial_Bins_XCode/CMakeFiles/CMakeScratch/TryCompile-YvhASW
    write-file /Users/hyunahome/Desktop/OpenGL_Tutorial/OpenGL_Tutorial_Bins_XCode/CMakeFiles/CMakeScratch/TryCompile-YvhASW/build/cmTC_84b38.build/Debug/Objects-normal/arm64/cmTC_84b38.LinkFileList

CompileC /Users/hyunahome/Desktop/OpenGL_Tutorial/OpenGL_Tutorial_Bins_XCode/CMakeFiles/CMakeScratch/TryCompile-YvhASW/build/cmTC_84b38.build/Debug/Objects-normal/arm64/OFF64_T.o /Users/hyunahome/Desktop/OpenGL_Tutorial/OpenGL_Tutorial_Bins_XCode/CMakeFiles/CMakeScratch/TryCompile-YvhASW/OFF64_T.c normal arm64 c com.apple.compilers.llvm.clang.1_0.compiler (in target 'cmTC_84b38' from project 'CMAKE_TRY_COMPILE')
    cd /Users/hyunahome/Desktop/OpenGL_Tutorial/OpenGL_Tutorial_Bins_XCode/CMakeFiles/CMakeScratch/TryCompile-YvhASW
    /Applications/Xcode.app/Contents/Developer/Toolchains/XcodeDefault.xctoolchain/usr/bin/clang -x c -target arm64-apple-macos12.1 -fmessage-length\=0 -fdiagnostics-show-note-include-stack -fmacro-backtrace-limit\=0 -Wno-trigraphs -fpascal-strings -O0 -Wno-missing-field-initializers -Wno-missing-prototypes -Wno-return-type -Wno-missing-braces -Wparentheses -Wswitch -Wno-unused-function -Wno-unused-label -Wno-unused-parameter -Wno-unused-variable -Wunused-value -Wno-empty-body -Wno-uninitialized -Wno-unknown-pragmas -Wno-shadow -Wno-four-char-constants -Wno-conversion -Wno-constant-conversion -Wno-int-conversion -Wno-bool-conversion -Wno-enum-conversion -Wno-float-conversion -Wno-non-literal-null-conversion -Wno-objc-literal-conversion -Wno-shorten-64-to-32 -Wpointer-sign -Wno-newline-eof -DCMAKE_INTDIR\=\"Debug\" -D_LARGEFILE64_SOURCE\=1 -DHAVE_SYS_TYPES_H -DHAVE_STDINT_H -DHAVE_STDDEF_H -isysroot /Applications/Xcode.app/Contents/Developer/Platforms/MacOSX.platform/Developer/SDKs/MacOSX12.1.sdk -fstrict-aliasing -Wdeprecated-declarations -g -Wno-sign-conversion -Wno-infinite-recursion -Wno-comma -Wno-block-capture-autoreleasing -Wno-strict-prototypes -Wno-semicolon-before-method-body -I/Users/hyunahome/Desktop/OpenGL_Tutorial/OpenGL_Tutorial_Bins_XCode/CMakeFiles/CMakeScratch/TryCompile-YvhASW/Debug/include -I/Users/hyunahome/Desktop/OpenGL_Tutorial/OpenGL_Tutorial_Bins_XCode/CMakeFiles/CMakeScratch/TryCompile-YvhASW/build/cmTC_84b38.build/Debug/DerivedSources-normal/arm64 -I/Users/hyunahome/Desktop/OpenGL_Tutorial/OpenGL_Tutorial_Bins_XCode/CMakeFiles/CMakeScratch/TryCompile-YvhASW/build/cmTC_84b38.build/Debug/DerivedSources/arm64 -I/Users/hyunahome/Desktop/OpenGL_Tutorial/OpenGL_Tutorial_Bins_XCode/CMakeFiles/CMakeScratch/TryCompile-YvhASW/build/cmTC_84b38.build/Debug/DerivedSources -F/Users/hyunahome/Desktop/OpenGL_Tutorial/OpenGL_Tutorial_Bins_XCode/CMakeFiles/CMakeScratch/TryCompile-YvhASW/Debug -MMD -MT dependencies -MF /Users/hyunahome/Desktop/OpenGL_Tutorial/OpenGL_Tutorial_Bins_XCode/CMakeFiles/CMakeScratch/TryCompile-YvhASW/build/cmTC_84b38.build/Debug/Objects-normal/arm64/OFF64_T.d --serialize-diagnostics /Users/hyunahome/Desktop/OpenGL_Tutorial/OpenGL_Tutorial_Bins_XCode/CMakeFiles/CMakeScratch/TryCompile-YvhASW/build/cmTC_84b38.build/Debug/Objects-normal/arm64/OFF64_T.dia -c /Users/hyunahome/Desktop/OpenGL_Tutorial/OpenGL_Tutorial_Bins_XCode/CMakeFiles/CMakeScratch/TryCompile-YvhASW/OFF64_T.c -o /Users/hyunahome/Desktop/OpenGL_Tutorial/OpenGL_Tutorial_Bins_XCode/CMakeFiles/CMakeScratch/TryCompile-YvhASW/build/cmTC_84b38.build/Debug/Objects-normal/arm64/OFF64_T.o
/Users/hyunahome/Desktop/OpenGL_Tutorial/OpenGL_Tutorial_Bins_XCode/CMakeFiles/CMakeScratch/TryCompile-YvhASW/OFF64_T.c:29:12: error: use of undeclared identifier 'off64_t'
  ('0' + ((SIZE / 10000)%10)),
           ^
/Users/hyunahome/Desktop/OpenGL_Tutorial/OpenGL_Tutorial_Bins_XCode/CMakeFiles/CMakeScratch/TryCompile-YvhASW/OFF64_T.c:27:22: note: expanded from macro 'SIZE'
#define SIZE (sizeof(off64_t))
                     ^
/Users/hyunahome/Desktop/OpenGL_Tutorial/OpenGL_Tutorial_Bins_XCode/CMakeFiles/CMakeScratch/TryCompile-YvhASW/OFF64_T.c:30:12: error: use of undeclared identifier 'off64_t'
  ('0' + ((SIZE / 1000)%10)),
           ^
/Users/hyunahome/Desktop/OpenGL_Tutorial/OpenGL_Tutorial_Bins_XCode/CMakeFiles/CMakeScratch/TryCompile-YvhASW/OFF64_T.c:27:22: note: expanded from macro 'SIZE'
#define SIZE (sizeof(off64_t))
                     ^
/Users/hyunahome/Desktop/OpenGL_Tutorial/OpenGL_Tutorial_Bins_XCode/CMakeFiles/CMakeScratch/TryCompile-YvhASW/OFF64_T.c:31:12: error: use of undeclared identifier 'off64_t'
  ('0' + ((SIZE / 100)%10)),
           ^
/Users/hyunahome/Desktop/OpenGL_Tutorial/OpenGL_Tutorial_Bins_XCode/CMakeFiles/CMakeScratch/TryCompile-YvhASW/OFF64_T.c:27:22: note: expanded from macro 'SIZE'
#define SIZE (sizeof(off64_t))
                     ^
/Users/hyunahome/Desktop/OpenGL_Tutorial/OpenGL_Tutorial_Bins_XCode/CMakeFiles/CMakeScratch/TryCompile-YvhASW/OFF64_T.c:32:12: error: use of undeclared identifier 'off64_t'
  ('0' + ((SIZE / 10)%10)),
           ^
/Users/hyunahome/Desktop/OpenGL_Tutorial/OpenGL_Tutorial_Bins_XCode/CMakeFiles/CMakeScratch/TryCompile-YvhASW/OFF64_T.c:27:22: note: expanded from macro 'SIZE'
#define SIZE (sizeof(off64_t))
                     ^
/Users/hyunahome/Desktop/OpenGL_Tutorial/OpenGL_Tutorial_Bins_XCode/CMakeFiles/CMakeScratch/TryCompile-YvhASW/OFF64_T.c:33:12: error: use of undeclared identifier 'off64_t'
  ('0' +  (SIZE    % 10)),
           ^
/Users/hyunahome/Desktop/OpenGL_Tutorial/OpenGL_Tutorial_Bins_XCode/CMakeFiles/CMakeScratch/TryCompile-YvhASW/OFF64_T.c:27:22: note: expanded from macro 'SIZE'
#define SIZE (sizeof(off64_t))
                     ^
5 errors generated.

** BUILD FAILED **


The following build commands failed:
	CompileC /Users/hyunahome/Desktop/OpenGL_Tutorial/OpenGL_Tutorial_Bins_XCode/CMakeFiles/CMakeScratch/TryCompile-YvhASW/build/cmTC_84b38.build/Debug/Objects-normal/arm64/OFF64_T.o /Users/hyunahome/Desktop/OpenGL_Tutorial/OpenGL_Tutorial_Bins_XCode/CMakeFiles/CMakeScratch/TryCompile-YvhASW/OFF64_T.c normal arm64 c com.apple.compilers.llvm.clang.1_0.compiler (in target 'cmTC_84b38' from project 'CMAKE_TRY_COMPILE')
(1 failure)


OFF64_T.c:
#include <sys/types.h>
#include <stdint.h>
#include <stddef.h>


#undef KEY
#if defined(__i386)
# define KEY '_','_','i','3','8','6'
#elif defined(__x86_64)
# define KEY '_','_','x','8','6','_','6','4'
#elif defined(__PPC64__)
# define KEY '_','_','P','P','C','6','4','_','_'
#elif defined(__ppc64__)
# define KEY '_','_','p','p','c','6','4','_','_'
#elif defined(__PPC__)
# define KEY '_','_','P','P','C','_','_'
#elif defined(__ppc__)
# define KEY '_','_','p','p','c','_','_'
#elif defined(__aarch64__)
# define KEY '_','_','a','a','r','c','h','6','4','_','_'
#elif defined(__ARM_ARCH_7A__)
# define KEY '_','_','A','R','M','_','A','R','C','H','_','7','A','_','_'
#elif defined(__ARM_ARCH_7S__)
# define KEY '_','_','A','R','M','_','A','R','C','H','_','7','S','_','_'
#endif

#define SIZE (sizeof(off64_t))
static char info_size[] =  {'I', 'N', 'F', 'O', ':', 's','i','z','e','[',
  ('0' + ((SIZE / 10000)%10)),
  ('0' + ((SIZE / 1000)%10)),
  ('0' + ((SIZE / 100)%10)),
  ('0' + ((SIZE / 10)%10)),
  ('0' +  (SIZE    % 10)),
  ']',
#ifdef KEY
  ' ','k','e','y','[', KEY, ']',
#endif
  '\0'};

#ifdef __CLASSIC_C__
int main(argc, argv) int argc; char *argv[];
#else
int main(int argc, char *argv[])
#endif
{
  int require = 0;
  require += info_size[argc];
  (void)argv;
  return require;
}


